<?xml version="1.0" encoding="UTF-8"?>
<testng-results ignored="0" total="1" passed="1" failed="0" skipped="0">
  <reporter-output>
  </reporter-output>
  <suite started-at="2024-12-24T13:40:59 IST" name="Default suite" finished-at="2024-12-24T13:41:06 IST" duration-ms="7103">
    <groups>
    </groups>
    <test started-at="2024-12-24T13:40:59 IST" name="Default test" finished-at="2024-12-24T13:41:06 IST" duration-ms="7103">
      <class name="appiumAutomation.SwipeGesture">
        <test-method is-config="true" signature="configureAppium()[pri:0, instance:appiumAutomation.SwipeGesture@5aa9e4eb]" started-at="2024-12-24T13:40:59 IST" name="configureAppium" finished-at="2024-12-24T13:41:03 IST" duration-ms="3899" status="PASS">
          <reporter-output>
          </reporter-output>
        </test-method> <!-- configureAppium -->
        <test-method signature="swipe()[pri:0, instance:appiumAutomation.SwipeGesture@5aa9e4eb]" started-at="2024-12-24T13:41:03 IST" name="swipe" finished-at="2024-12-24T13:41:06 IST" duration-ms="2995" status="PASS">
          <reporter-output>
          </reporter-output>
        </test-method> <!-- swipe -->
        <test-method is-config="true" signature="tearDown()[pri:0, instance:appiumAutomation.SwipeGesture@5aa9e4eb]" started-at="2024-12-24T13:41:06 IST" name="tearDown" finished-at="2024-12-24T13:41:06 IST" duration-ms="191" status="PASS">
          <reporter-output>
          </reporter-output>
        </test-method> <!-- tearDown -->
      </class> <!-- appiumAutomation.SwipeGesture -->
    </test> <!-- Default test -->
  </suite> <!-- Default suite -->
</testng-results>
